<?xml version="1.0" encoding="UTF-8"?>
<!-- Generated by org.testng.reporters.JUnitReportReporter -->
<testsuite hostname="DESKTOP-V6J6GJP" failures="0" tests="1" name="com.qa.saucedemo.SauceDemoWebsite.SauceDemoTestCases" time="0.376" errors="0" timestamp="2024-01-19T19:14:42 GST" skipped="0">
  <testcase classname="com.qa.saucedemo.SauceDemoWebsite.SauceDemoTestCases" name="footerLinksValidation" time="0.376"/>
</testsuite> <!-- com.qa.saucedemo.SauceDemoWebsite.SauceDemoTestCases -->
